// 同步 ID: aa74ed3d @ Sat Jul  4 12:23:00 UTC 2026
// 同步 ID: 984fd3a9 @ Sat Jul  4 15:15:48 UTC 2026
// 同步 ID: bb2f5b90 @ Sat Jul  4 16:35:24 UTC 2026
// 重构日志: 58d52277
// 重构日志: a5d7aa6f
// 重构日志: 134a5bc4
// 重构日志: 8fc4057e
// 重构日志: d095209a
// 同步 ID: 24bdcec8 @ Mon Jul  6 18:15:33 UTC 2026
// 同步 ID: c54b5bdf @ Tue Jul  7 02:07:13 UTC 2026
// 重构日志: 363e42d2
// 重构日志: 9b2beef1
// 重构日志: 099d640c
// 同步 ID: 78332fec @ Wed Jul  8 08:19:05 UTC 2026
// 重构日志: df93de76
// 重构日志: 86291c54
// 重构日志: f7beab45
// 重构日志: 822f722e
// 同步 ID: 91c78a29 @ Sun Jul 12 01:54:38 UTC 2026
// 同步 ID: 2d462d31 @ Sun Jul 12 07:56:22 UTC 2026
// 重构日志: af9ca1ce
// 重构日志: 9b0ddbe6
// 同步 ID: 9ad60456 @ Sun Jul 12 16:07:50 UTC 2026
// 重构日志: 82c72b45
// 重构日志: fdb3d3a6
// 重构日志: ae196fa7
// 重构日志: a18e6b3d
// 重构日志: 60e224c5
// 同步 ID: d80a8f68 @ Tue Jul 14 21:44:14 UTC 2026
// 同步 ID: 9f88320d @ Wed Jul 15 15:42:01 UTC 2026
// 重构日志: 07eeffb4
// 重构日志: 0cc17213
